<?xml version="1.0" encoding="UTF-8" ?>
<testsuite errors="0" failures="1" hostname="DESKTOP-3CTLK8B" name="HelloWorldTest" skipped="0" tests="2" time="0.451" timestamp="2022-07-18T01:48:57">
  <properties>
[...]
</properties>
  <testcase classname="HelloWorldTest" name="testWillAlwaysFail" time="0.032">
    <failure message="An error message" type="junit.framework.AssertionFailedError">junit.framework.AssertionFailedError: An error message
	at HelloWorldTest.testWillAlwaysFail(Unknown Source)
</failure>
  </testcase>
  <testcase classname="HelloWorldTest" name="testNothing" time="0.0" />
  <system-out><![CDATA[]]></system-out>
  <system-err><![CDATA[]]></system-err>
</testsuite>
